<?xml version="1.0" encoding="UTF-8"?>
<testng-results skipped="0" failed="0" ignored="0" total="1" passed="1">
  <reporter-output>
  </reporter-output>
  <suite name="Default suite" duration-ms="79011" started-at="2020-06-27T12:22:45 IST" finished-at="2020-06-27T12:24:04 IST">
    <groups>
    </groups>
    <test name="Default test" duration-ms="79011" started-at="2020-06-27T12:22:45 IST" finished-at="2020-06-27T12:24:04 IST">
      <class name="newpackage.NewTest">
        <test-method status="PASS" signature="beforeMethod()[pri:0, instance:newpackage.NewTest@6e0e048a]" name="beforeMethod" is-config="true" duration-ms="8" started-at="2020-06-27T12:22:45 IST" finished-at="2020-06-27T12:22:45 IST">
          <reporter-output>
          </reporter-output>
        </test-method> <!-- beforeMethod -->
        <test-method status="PASS" signature="f()[pri:0, instance:newpackage.NewTest@6e0e048a]" name="f" duration-ms="78792" started-at="2020-06-27T12:22:45 IST" finished-at="2020-06-27T12:24:03 IST">
          <reporter-output>
          </reporter-output>
        </test-method> <!-- f -->
        <test-method status="PASS" signature="afterMethod()[pri:0, instance:newpackage.NewTest@6e0e048a]" name="afterMethod" is-config="true" duration-ms="1" started-at="2020-06-27T12:24:03 IST" finished-at="2020-06-27T12:24:03 IST">
          <reporter-output>
          </reporter-output>
        </test-method> <!-- afterMethod -->
      </class> <!-- newpackage.NewTest -->
    </test> <!-- Default test -->
  </suite> <!-- Default suite -->
</testng-results>
